<?xml version="1.0" encoding="UTF-8"?>
<!-- Generated by org.testng.reporters.JUnitReportReporter -->
<testsuite skipped="0" hostname="soombose" name="com.ibm.jenkins.com.ibm.jenkins.LaunchApplication" tests="1" failures="0" timestamp="04 Jan 2019 05:32:14 GMT" time="0.007" errors="0">
  <testcase name="launchTest" time="0.007" classname="com.ibm.jenkins.com.ibm.jenkins.LaunchApplication"/>
</testsuite> <!-- com.ibm.jenkins.com.ibm.jenkins.LaunchApplication -->
